2016-02-11 17:52:20,909 - Loaded System Directive: org.apache.velocity.runtime.directive.Parse
2016-02-11 17:52:20,912 - Loaded System Directive: org.apache.velocity.runtime.directive.Include
2016-02-11 17:52:20,913 - Loaded System Directive: org.apache.velocity.runtime.directive.Foreach
2016-02-11 17:52:20,946 - Created: 20 parsers.
2016-02-11 17:52:20,960 - Velocimacro : initialization starting.
2016-02-11 17:52:20,960 - Velocimacro : adding VMs from VM library template : VM_global_library.vm
2016-02-11 17:52:20,966 - ResourceManager : unable to find resource 'VM_global_library.vm' in any resource loader.
2016-02-11 17:52:20,966 - Velocimacro : error using  VM library template VM_global_library.vm : org.apache.velocity.exception.ResourceNotFoundException: Unable to find resource 'VM_global_library.vm'
2016-02-11 17:52:20,966 - Velocimacro :  VM library template macro registration complete.
2016-02-11 17:52:20,966 - Velocimacro : allowInline = true : VMs can be defined inline in templates
2016-02-11 17:52:20,966 - Velocimacro : allowInlineToOverride = false : VMs defined inline may NOT replace previous VM definitions
2016-02-11 17:52:20,967 - Velocimacro : allowInlineLocal = false : VMs defined inline will be  global in scope if allowed.
2016-02-11 17:52:20,967 - Velocimacro : messages on  : VM system will output logging messages
2016-02-11 17:52:20,967 - Velocimacro : autoload off  : VM system will not automatically reload global library macros
2016-02-11 17:52:20,967 - Velocimacro : initialization complete.
2016-02-11 17:52:20,967 - Velocity successfully started.
2016-02-11 19:42:27,171 - SimpleLog4JLogSystem initialized using logfile 'velocity.log'
2016-02-11 19:42:27,171 - ************************************************************** 
2016-02-11 19:42:27,171 - Starting Jakarta Velocity v1.4
2016-02-11 19:42:27,171 - RuntimeInstance initializing.
2016-02-11 19:42:27,171 - Default Properties File: org/apache/velocity/runtime/defaults/velocity.properties
2016-02-11 19:42:27,171 - Trying to use logger class org.apache.velocity.runtime.log.SimpleLog4JLogSystem
2016-02-11 19:42:27,171 - Using logger class org.apache.velocity.runtime.log.SimpleLog4JLogSystem
2016-02-11 19:42:27,180 - Default ResourceManager initializing. (class org.apache.velocity.runtime.resource.ResourceManagerImpl)
2016-02-11 19:42:27,188 - Resource Loader Instantiated: org.apache.velocity.runtime.resource.loader.ClasspathResourceLoader
2016-02-11 19:42:27,188 - ClasspathResourceLoader : initialization starting.
2016-02-11 19:42:27,189 - ClasspathResourceLoader : initialization complete.
2016-02-11 19:42:27,194 - ResourceCache : initialized. (class org.apache.velocity.runtime.resource.ResourceCacheImpl)
2016-02-11 19:42:27,194 - Default ResourceManager initialization complete.
2016-02-11 19:42:27,199 - Loaded System Directive: org.apache.velocity.runtime.directive.Literal
2016-02-11 19:42:27,204 - Loaded System Directive: org.apache.velocity.runtime.directive.Macro
2016-02-11 19:42:27,212 - Loaded System Directive: org.apache.velocity.runtime.directive.Parse
2016-02-11 19:42:27,217 - Loaded System Directive: org.apache.velocity.runtime.directive.Include
2016-02-11 19:42:27,220 - Loaded System Directive: org.apache.velocity.runtime.directive.Foreach
2016-02-11 19:42:27,281 - Created: 20 parsers.
2016-02-11 19:42:27,304 - Velocimacro : initialization starting.
2016-02-11 19:42:27,304 - Velocimacro : adding VMs from VM library template : VM_global_library.vm
2016-02-11 19:42:27,313 - ResourceManager : unable to find resource 'VM_global_library.vm' in any resource loader.
2016-02-11 19:42:27,314 - Velocimacro : error using  VM library template VM_global_library.vm : org.apache.velocity.exception.ResourceNotFoundException: Unable to find resource 'VM_global_library.vm'
2016-02-11 19:42:27,314 - Velocimacro :  VM library template macro registration complete.
2016-02-11 19:42:27,314 - Velocimacro : allowInline = true : VMs can be defined inline in templates
2016-02-11 19:42:27,314 - Velocimacro : allowInlineToOverride = false : VMs defined inline may NOT replace previous VM definitions
2016-02-11 19:42:27,314 - Velocimacro : allowInlineLocal = false : VMs defined inline will be  global in scope if allowed.
2016-02-11 19:42:27,314 - Velocimacro : messages on  : VM system will output logging messages
2016-02-11 19:42:27,314 - Velocimacro : autoload off  : VM system will not automatically reload global library macros
2016-02-11 19:42:27,314 - Velocimacro : initialization complete.
2016-02-11 19:42:27,314 - Velocity successfully started.
2016-02-11 19:45:00,851 - SimpleLog4JLogSystem initialized using logfile 'velocity.log'
2016-02-11 19:45:00,852 - ************************************************************** 
2016-02-11 19:45:00,852 - Starting Jakarta Velocity v1.4
2016-02-11 19:45:00,852 - RuntimeInstance initializing.
2016-02-11 19:45:00,852 - Default Properties File: org/apache/velocity/runtime/defaults/velocity.properties
2016-02-11 19:45:00,852 - Trying to use logger class org.apache.velocity.runtime.log.SimpleLog4JLogSystem
2016-02-11 19:45:00,852 - Using logger class org.apache.velocity.runtime.log.SimpleLog4JLogSystem
2016-02-11 19:45:00,871 - Default ResourceManager initializing. (class org.apache.velocity.runtime.resource.ResourceManagerImpl)
2016-02-11 19:45:00,877 - Resource Loader Instantiated: org.apache.velocity.runtime.resource.loader.ClasspathResourceLoader
2016-02-11 19:45:00,877 - ClasspathResourceLoader : initialization starting.
2016-02-11 19:45:00,877 - ClasspathResourceLoader : initialization complete.
2016-02-11 19:45:00,882 - ResourceCache : initialized. (class org.apache.velocity.runtime.resource.ResourceCacheImpl)
2016-02-11 19:45:00,882 - Default ResourceManager initialization complete.
2016-02-11 19:45:00,884 - Loaded System Directive: org.apache.velocity.runtime.directive.Literal
2016-02-11 19:45:00,887 - Loaded System Directive: org.apache.velocity.runtime.directive.Macro
2016-02-11 19:45:00,892 - Loaded System Directive: org.apache.velocity.runtime.directive.Parse
2016-02-11 19:45:00,895 - Loaded System Directive: org.apache.velocity.runtime.directive.Include
2016-02-11 19:45:00,896 - Loaded System Directive: org.apache.velocity.runtime.directive.Foreach
2016-02-11 19:45:00,947 - Created: 20 parsers.
2016-02-11 19:45:00,977 - Velocimacro : initialization starting.
2016-02-11 19:45:00,977 - Velocimacro : adding VMs from VM library template : VM_global_library.vm
2016-02-11 19:45:00,984 - ResourceManager : unable to find resource 'VM_global_library.vm' in any resource loader.
2016-02-11 19:45:00,984 - Velocimacro : error using  VM library template VM_global_library.vm : org.apache.velocity.exception.ResourceNotFoundException: Unable to find resource 'VM_global_library.vm'
2016-02-11 19:45:00,984 - Velocimacro :  VM library template macro registration complete.
2016-02-11 19:45:00,984 - Velocimacro : allowInline = true : VMs can be defined inline in templates
2016-02-11 19:45:00,984 - Velocimacro : allowInlineToOverride = false : VMs defined inline may NOT replace previous VM definitions
2016-02-11 19:45:00,984 - Velocimacro : allowInlineLocal = false : VMs defined inline will be  global in scope if allowed.
2016-02-11 19:45:00,984 - Velocimacro : messages on  : VM system will output logging messages
2016-02-11 19:45:00,984 - Velocimacro : autoload off  : VM system will not automatically reload global library macros
2016-02-11 19:45:00,984 - Velocimacro : initialization complete.
2016-02-11 19:45:00,984 - Velocity successfully started.
2016-02-11 20:07:36,496 - SimpleLog4JLogSystem initialized using logfile 'velocity.log'
2016-02-11 20:07:36,497 - ************************************************************** 
2016-02-11 20:07:36,497 - Starting Jakarta Velocity v1.4
2016-02-11 20:07:36,497 - RuntimeInstance initializing.
2016-02-11 20:07:36,497 - Default Properties File: org/apache/velocity/runtime/defaults/velocity.properties
2016-02-11 20:07:36,497 - Trying to use logger class org.apache.velocity.runtime.log.SimpleLog4JLogSystem
2016-02-11 20:07:36,497 - Using logger class org.apache.velocity.runtime.log.SimpleLog4JLogSystem
2016-02-11 20:07:36,518 - Default ResourceManager initializing. (class org.apache.velocity.runtime.resource.ResourceManagerImpl)
2016-02-11 20:07:36,530 - Resource Loader Instantiated: org.apache.velocity.runtime.resource.loader.ClasspathResourceLoader
2016-02-11 20:07:36,530 - ClasspathResourceLoader : initialization starting.
2016-02-11 20:07:36,530 - ClasspathResourceLoader : initialization complete.
2016-02-11 20:07:36,666 - ResourceCache : initialized. (class org.apache.velocity.runtime.resource.ResourceCacheImpl)
2016-02-11 20:07:36,666 - Default ResourceManager initialization complete.
2016-02-11 20:07:36,673 - Loaded System Directive: org.apache.velocity.runtime.directive.Literal
2016-02-11 20:07:36,677 - Loaded System Directive: org.apache.velocity.runtime.directive.Macro
2016-02-11 20:07:36,696 - Loaded System Directive: org.apache.velocity.runtime.directive.Parse
2016-02-11 20:07:36,701 - Loaded System Directive: org.apache.velocity.runtime.directive.Include
2016-02-11 20:07:36,703 - Loaded System Directive: org.apache.velocity.runtime.directive.Foreach
2016-02-11 20:07:36,806 - Created: 20 parsers.
2016-02-11 20:07:36,832 - Velocimacro : initialization starting.
2016-02-11 20:07:36,832 - Velocimacro : adding VMs from VM library template : VM_global_library.vm
2016-02-11 20:07:36,880 - ResourceManager : unable to find resource 'VM_global_library.vm' in any resource loader.
2016-02-11 20:07:36,880 - Velocimacro : error using  VM library template VM_global_library.vm : org.apache.velocity.exception.ResourceNotFoundException: Unable to find resource 'VM_global_library.vm'
2016-02-11 20:07:36,881 - Velocimacro :  VM library template macro registration complete.
2016-02-11 20:07:36,881 - Velocimacro : allowInline = true : VMs can be defined inline in templates
2016-02-11 20:07:36,881 - Velocimacro : allowInlineToOverride = false : VMs defined inline may NOT replace previous VM definitions
2016-02-11 20:07:36,881 - Velocimacro : allowInlineLocal = false : VMs defined inline will be  global in scope if allowed.
2016-02-11 20:07:36,881 - Velocimacro : messages on  : VM system will output logging messages
2016-02-11 20:07:36,881 - Velocimacro : autoload off  : VM system will not automatically reload global library macros
2016-02-11 20:07:36,881 - Velocimacro : initialization complete.
2016-02-11 20:07:36,881 - Velocity successfully started.
2016-02-11 20:17:40,434 - SimpleLog4JLogSystem initialized using logfile 'velocity.log'
2016-02-11 20:17:40,434 - ************************************************************** 
2016-02-11 20:17:40,435 - Starting Jakarta Velocity v1.4
2016-02-11 20:17:40,435 - RuntimeInstance initializing.
2016-02-11 20:17:40,435 - Default Properties File: org/apache/velocity/runtime/defaults/velocity.properties
2016-02-11 20:17:40,435 - Trying to use logger class org.apache.velocity.runtime.log.SimpleLog4JLogSystem
2016-02-11 20:17:40,435 - Using logger class org.apache.velocity.runtime.log.SimpleLog4JLogSystem
2016-02-11 20:17:40,444 - Default ResourceManager initializing. (class org.apache.velocity.runtime.resource.ResourceManagerImpl)
2016-02-11 20:17:40,452 - Resource Loader Instantiated: org.apache.velocity.runtime.resource.loader.ClasspathResourceLoader
2016-02-11 20:17:40,452 - ClasspathResourceLoader : initialization starting.
2016-02-11 20:17:40,452 - ClasspathResourceLoader : initialization complete.
2016-02-11 20:17:40,457 - ResourceCache : initialized. (class org.apache.velocity.runtime.resource.ResourceCacheImpl)
2016-02-11 20:17:40,457 - Default ResourceManager initialization complete.
2016-02-11 20:17:40,467 - Loaded System Directive: org.apache.velocity.runtime.directive.Literal
2016-02-11 20:17:40,473 - Loaded System Directive: org.apache.velocity.runtime.directive.Macro
2016-02-11 20:17:40,482 - Loaded System Directive: org.apache.velocity.runtime.directive.Parse
2016-02-11 20:17:40,490 - Loaded System Directive: org.apache.velocity.runtime.directive.Include
2016-02-11 20:17:40,492 - Loaded System Directive: org.apache.velocity.runtime.directive.Foreach
2016-02-11 20:17:40,569 - Created: 20 parsers.
2016-02-11 20:17:40,596 - Velocimacro : initialization starting.
2016-02-11 20:17:40,596 - Velocimacro : adding VMs from VM library template : VM_global_library.vm
2016-02-11 20:17:40,607 - ResourceManager : unable to find resource 'VM_global_library.vm' in any resource loader.
2016-02-11 20:17:40,607 - Velocimacro : error using  VM library template VM_global_library.vm : org.apache.velocity.exception.ResourceNotFoundException: Unable to find resource 'VM_global_library.vm'
2016-02-11 20:17:40,607 - Velocimacro :  VM library template macro registration complete.
2016-02-11 20:17:40,607 - Velocimacro : allowInline = true : VMs can be defined inline in templates
2016-02-11 20:17:40,607 - Velocimacro : allowInlineToOverride = false : VMs defined inline may NOT replace previous VM definitions
2016-02-11 20:17:40,607 - Velocimacro : allowInlineLocal = false : VMs defined inline will be  global in scope if allowed.
2016-02-11 20:17:40,607 - Velocimacro : messages on  : VM system will output logging messages
2016-02-11 20:17:40,607 - Velocimacro : autoload off  : VM system will not automatically reload global library macros
2016-02-11 20:17:40,607 - Velocimacro : initialization complete.
2016-02-11 20:17:40,607 - Velocity successfully started.
2016-02-11 20:20:06,673 - SimpleLog4JLogSystem initialized using logfile 'velocity.log'
2016-02-11 20:20:06,674 - ************************************************************** 
2016-02-11 20:20:06,674 - Starting Jakarta Velocity v1.4
2016-02-11 20:20:06,674 - RuntimeInstance initializing.
2016-02-11 20:20:06,674 - Default Properties File: org/apache/velocity/runtime/defaults/velocity.properties
2016-02-11 20:20:06,674 - Trying to use logger class org.apache.velocity.runtime.log.SimpleLog4JLogSystem
2016-02-11 20:20:06,674 - Using logger class org.apache.velocity.runtime.log.SimpleLog4JLogSystem
2016-02-11 20:20:06,681 - Default ResourceManager initializing. (class org.apache.velocity.runtime.resource.ResourceManagerImpl)
2016-02-11 20:20:06,686 - Resource Loader Instantiated: org.apache.velocity.runtime.resource.loader.ClasspathResourceLoader
2016-02-11 20:20:06,686 - ClasspathResourceLoader : initialization starting.
2016-02-11 20:20:06,686 - ClasspathResourceLoader : initialization complete.
2016-02-11 20:20:06,689 - ResourceCache : initialized. (class org.apache.velocity.runtime.resource.ResourceCacheImpl)
2016-02-11 20:20:06,689 - Default ResourceManager initialization complete.
2016-02-11 20:20:06,692 - Loaded System Directive: org.apache.velocity.runtime.directive.Literal
2016-02-11 20:20:06,695 - Loaded System Directive: org.apache.velocity.runtime.directive.Macro
2016-02-11 20:20:06,701 - Loaded System Directive: org.apache.velocity.runtime.directive.Parse
2016-02-11 20:20:06,704 - Loaded System Directive: org.apache.velocity.runtime.directive.Include
2016-02-11 20:20:06,705 - Loaded System Directive: org.apache.velocity.runtime.directive.Foreach
2016-02-11 20:20:06,746 - Created: 20 parsers.
2016-02-11 20:20:06,763 - Velocimacro : initialization starting.
2016-02-11 20:20:06,763 - Velocimacro : adding VMs from VM library template : VM_global_library.vm
2016-02-11 20:20:06,770 - ResourceManager : unable to find resource 'VM_global_library.vm' in any resource loader.
2016-02-11 20:20:06,770 - Velocimacro : error using  VM library template VM_global_library.vm : org.apache.velocity.exception.ResourceNotFoundException: Unable to find resource 'VM_global_library.vm'
2016-02-11 20:20:06,771 - Velocimacro :  VM library template macro registration complete.
2016-02-11 20:20:06,771 - Velocimacro : allowInline = true : VMs can be defined inline in templates
2016-02-11 20:20:06,771 - Velocimacro : allowInlineToOverride = false : VMs defined inline may NOT replace previous VM definitions
2016-02-11 20:20:06,771 - Velocimacro : allowInlineLocal = false : VMs defined inline will be  global in scope if allowed.
2016-02-11 20:20:06,771 - Velocimacro : messages on  : VM system will output logging messages
2016-02-11 20:20:06,771 - Velocimacro : autoload off  : VM system will not automatically reload global library macros
2016-02-11 20:20:06,771 - Velocimacro : initialization complete.
2016-02-11 20:20:06,771 - Velocity successfully started.
2016-02-11 20:21:39,983 - SimpleLog4JLogSystem initialized using logfile 'velocity.log'
2016-02-11 20:21:39,984 - ************************************************************** 
2016-02-11 20:21:39,984 - Starting Jakarta Velocity v1.4
2016-02-11 20:21:39,984 - RuntimeInstance initializing.
2016-02-11 20:21:39,984 - Default Properties File: org/apache/velocity/runtime/defaults/velocity.properties
2016-02-11 20:21:39,984 - Trying to use logger class org.apache.velocity.runtime.log.SimpleLog4JLogSystem
2016-02-11 20:21:39,984 - Using logger class org.apache.velocity.runtime.log.SimpleLog4JLogSystem
2016-02-11 20:21:39,992 - Default ResourceManager initializing. (class org.apache.velocity.runtime.resource.ResourceManagerImpl)
2016-02-11 20:21:39,996 - Resource Loader Instantiated: org.apache.velocity.runtime.resource.loader.ClasspathResourceLoader
2016-02-11 20:21:39,996 - ClasspathResourceLoader : initialization starting.
2016-02-11 20:21:39,996 - ClasspathResourceLoader : initialization complete.
2016-02-11 20:21:39,999 - ResourceCache : initialized. (class org.apache.velocity.runtime.resource.ResourceCacheImpl)
2016-02-11 20:21:39,999 - Default ResourceManager initialization complete.
2016-02-11 20:21:40,002 - Loaded System Directive: org.apache.velocity.runtime.directive.Literal
2016-02-11 20:21:40,007 - Loaded System Directive: org.apache.velocity.runtime.directive.Macro
2016-02-11 20:21:40,014 - Loaded System Directive: org.apache.velocity.runtime.directive.Parse
2016-02-11 20:21:40,018 - Loaded System Directive: org.apache.velocity.runtime.directive.Include
2016-02-11 20:21:40,021 - Loaded System Directive: org.apache.velocity.runtime.directive.Foreach
2016-02-11 20:21:40,067 - Created: 20 parsers.
2016-02-11 20:21:40,083 - Velocimacro : initialization starting.
2016-02-11 20:21:40,083 - Velocimacro : adding VMs from VM library template : VM_global_library.vm
2016-02-11 20:21:40,091 - ResourceManager : unable to find resource 'VM_global_library.vm' in any resource loader.
2016-02-11 20:21:40,091 - Velocimacro : error using  VM library template VM_global_library.vm : org.apache.velocity.exception.ResourceNotFoundException: Unable to find resource 'VM_global_library.vm'
2016-02-11 20:21:40,091 - Velocimacro :  VM library template macro registration complete.
2016-02-11 20:21:40,091 - Velocimacro : allowInline = true : VMs can be defined inline in templates
2016-02-11 20:21:40,091 - Velocimacro : allowInlineToOverride = false : VMs defined inline may NOT replace previous VM definitions
2016-02-11 20:21:40,091 - Velocimacro : allowInlineLocal = false : VMs defined inline will be  global in scope if allowed.
2016-02-11 20:21:40,091 - Velocimacro : messages on  : VM system will output logging messages
2016-02-11 20:21:40,092 - Velocimacro : autoload off  : VM system will not automatically reload global library macros
2016-02-11 20:21:40,092 - Velocimacro : initialization complete.
2016-02-11 20:21:40,092 - Velocity successfully started.
2016-02-11 20:23:02,545 - SimpleLog4JLogSystem initialized using logfile 'velocity.log'
2016-02-11 20:23:02,546 - ************************************************************** 
2016-02-11 20:23:02,546 - Starting Jakarta Velocity v1.4
2016-02-11 20:23:02,546 - RuntimeInstance initializing.
2016-02-11 20:23:02,546 - Default Properties File: org/apache/velocity/runtime/defaults/velocity.properties
2016-02-11 20:23:02,546 - Trying to use logger class org.apache.velocity.runtime.log.SimpleLog4JLogSystem
2016-02-11 20:23:02,546 - Using logger class org.apache.velocity.runtime.log.SimpleLog4JLogSystem
2016-02-11 20:23:02,554 - Default ResourceManager initializing. (class org.apache.velocity.runtime.resource.ResourceManagerImpl)
2016-02-11 20:23:02,561 - Resource Loader Instantiated: org.apache.velocity.runtime.resource.loader.ClasspathResourceLoader
2016-02-11 20:23:02,561 - ClasspathResourceLoader : initialization starting.
2016-02-11 20:23:02,561 - ClasspathResourceLoader : initialization complete.
2016-02-11 20:23:02,566 - ResourceCache : initialized. (class org.apache.velocity.runtime.resource.ResourceCacheImpl)
2016-02-11 20:23:02,566 - Default ResourceManager initialization complete.
2016-02-11 20:23:02,571 - Loaded System Directive: org.apache.velocity.runtime.directive.Literal
2016-02-11 20:23:02,576 - Loaded System Directive: org.apache.velocity.runtime.directive.Macro
2016-02-11 20:23:02,582 - Loaded System Directive: org.apache.velocity.runtime.directive.Parse
2016-02-11 20:23:02,585 - Loaded System Directive: org.apache.velocity.runtime.directive.Include
2016-02-11 20:23:02,587 - Loaded System Directive: org.apache.velocity.runtime.directive.Foreach
2016-02-11 20:23:02,631 - Created: 20 parsers.
2016-02-11 20:23:02,649 - Velocimacro : initialization starting.
2016-02-11 20:23:02,649 - Velocimacro : adding VMs from VM library template : VM_global_library.vm
2016-02-11 20:23:02,656 - ResourceManager : unable to find resource 'VM_global_library.vm' in any resource loader.
2016-02-11 20:23:02,656 - Velocimacro : error using  VM library template VM_global_library.vm : org.apache.velocity.exception.ResourceNotFoundException: Unable to find resource 'VM_global_library.vm'
2016-02-11 20:23:02,656 - Velocimacro :  VM library template macro registration complete.
2016-02-11 20:23:02,656 - Velocimacro : allowInline = true : VMs can be defined inline in templates
2016-02-11 20:23:02,656 - Velocimacro : allowInlineToOverride = false : VMs defined inline may NOT replace previous VM definitions
2016-02-11 20:23:02,657 - Velocimacro : allowInlineLocal = false : VMs defined inline will be  global in scope if allowed.
2016-02-11 20:23:02,657 - Velocimacro : messages on  : VM system will output logging messages
2016-02-11 20:23:02,657 - Velocimacro : autoload off  : VM system will not automatically reload global library macros
2016-02-11 20:23:02,657 - Velocimacro : initialization complete.
2016-02-11 20:23:02,657 - Velocity successfully started.
2016-02-11 20:33:46,536 - SimpleLog4JLogSystem initialized using logfile 'velocity.log'
2016-02-11 20:33:46,536 - ************************************************************** 
2016-02-11 20:33:46,536 - Starting Jakarta Velocity v1.4
2016-02-11 20:33:46,536 - RuntimeInstance initializing.
2016-02-11 20:33:46,536 - Default Properties File: org/apache/velocity/runtime/defaults/velocity.properties
2016-02-11 20:33:46,536 - Trying to use logger class org.apache.velocity.runtime.log.SimpleLog4JLogSystem
2016-02-11 20:33:46,536 - Using logger class org.apache.velocity.runtime.log.SimpleLog4JLogSystem
2016-02-11 20:33:46,544 - Default ResourceManager initializing. (class org.apache.velocity.runtime.resource.ResourceManagerImpl)
2016-02-11 20:33:46,549 - Resource Loader Instantiated: org.apache.velocity.runtime.resource.loader.ClasspathResourceLoader
2016-02-11 20:33:46,549 - ClasspathResourceLoader : initialization starting.
2016-02-11 20:33:46,549 - ClasspathResourceLoader : initialization complete.
2016-02-11 20:33:46,551 - ResourceCache : initialized. (class org.apache.velocity.runtime.resource.ResourceCacheImpl)
2016-02-11 20:33:46,551 - Default ResourceManager initialization complete.
2016-02-11 20:33:46,560 - Loaded System Directive: org.apache.velocity.runtime.directive.Literal
2016-02-11 20:33:46,564 - Loaded System Directive: org.apache.velocity.runtime.directive.Macro
2016-02-11 20:33:46,571 - Loaded System Directive: org.apache.velocity.runtime.directive.Parse
2016-02-11 20:33:46,576 - Loaded System Directive: org.apache.velocity.runtime.directive.Include
2016-02-11 20:33:46,577 - Loaded System Directive: org.apache.velocity.runtime.directive.Foreach
2016-02-11 20:33:46,613 - Created: 20 parsers.
2016-02-11 20:33:46,633 - Velocimacro : initialization starting.
2016-02-11 20:33:46,633 - Velocimacro : adding VMs from VM library template : VM_global_library.vm
2016-02-11 20:33:46,639 - ResourceManager : unable to find resource 'VM_global_library.vm' in any resource loader.
2016-02-11 20:33:46,639 - Velocimacro : error using  VM library template VM_global_library.vm : org.apache.velocity.exception.ResourceNotFoundException: Unable to find resource 'VM_global_library.vm'
2016-02-11 20:33:46,640 - Velocimacro :  VM library template macro registration complete.
2016-02-11 20:33:46,640 - Velocimacro : allowInline = true : VMs can be defined inline in templates
2016-02-11 20:33:46,640 - Velocimacro : allowInlineToOverride = false : VMs defined inline may NOT replace previous VM definitions
2016-02-11 20:33:46,640 - Velocimacro : allowInlineLocal = false : VMs defined inline will be  global in scope if allowed.
2016-02-11 20:33:46,640 - Velocimacro : messages on  : VM system will output logging messages
2016-02-11 20:33:46,640 - Velocimacro : autoload off  : VM system will not automatically reload global library macros
2016-02-11 20:33:46,640 - Velocimacro : initialization complete.
2016-02-11 20:33:46,640 - Velocity successfully started.
2016-02-11 20:37:18,053 - SimpleLog4JLogSystem initialized using logfile 'velocity.log'
2016-02-11 20:37:18,053 - ************************************************************** 
2016-02-11 20:37:18,053 - Starting Jakarta Velocity v1.4
2016-02-11 20:37:18,053 - RuntimeInstance initializing.
2016-02-11 20:37:18,053 - Default Properties File: org/apache/velocity/runtime/defaults/velocity.properties
2016-02-11 20:37:18,053 - Trying to use logger class org.apache.velocity.runtime.log.SimpleLog4JLogSystem
2016-02-11 20:37:18,053 - Using logger class org.apache.velocity.runtime.log.SimpleLog4JLogSystem
2016-02-11 20:37:18,062 - Default ResourceManager initializing. (class org.apache.velocity.runtime.resource.ResourceManagerImpl)
2016-02-11 20:37:18,071 - Resource Loader Instantiated: org.apache.velocity.runtime.resource.loader.ClasspathResourceLoader
2016-02-11 20:37:18,071 - ClasspathResourceLoader : initialization starting.
2016-02-11 20:37:18,071 - ClasspathResourceLoader : initialization complete.
2016-02-11 20:37:18,076 - ResourceCache : initialized. (class org.apache.velocity.runtime.resource.ResourceCacheImpl)
2016-02-11 20:37:18,076 - Default ResourceManager initialization complete.
2016-02-11 20:37:18,080 - Loaded System Directive: org.apache.velocity.runtime.directive.Literal
2016-02-11 20:37:18,085 - Loaded System Directive: org.apache.velocity.runtime.directive.Macro
2016-02-11 20:37:18,090 - Loaded System Directive: org.apache.velocity.runtime.directive.Parse
2016-02-11 20:37:18,093 - Loaded System Directive: org.apache.velocity.runtime.directive.Include
2016-02-11 20:37:18,096 - Loaded System Directive: org.apache.velocity.runtime.directive.Foreach
2016-02-11 20:37:18,142 - Created: 20 parsers.
2016-02-11 20:37:18,163 - Velocimacro : initialization starting.
2016-02-11 20:37:18,163 - Velocimacro : adding VMs from VM library template : VM_global_library.vm
2016-02-11 20:37:18,173 - ResourceManager : unable to find resource 'VM_global_library.vm' in any resource loader.
2016-02-11 20:37:18,174 - Velocimacro : error using  VM library template VM_global_library.vm : org.apache.velocity.exception.ResourceNotFoundException: Unable to find resource 'VM_global_library.vm'
2016-02-11 20:37:18,174 - Velocimacro :  VM library template macro registration complete.
2016-02-11 20:37:18,174 - Velocimacro : allowInline = true : VMs can be defined inline in templates
2016-02-11 20:37:18,174 - Velocimacro : allowInlineToOverride = false : VMs defined inline may NOT replace previous VM definitions
2016-02-11 20:37:18,174 - Velocimacro : allowInlineLocal = false : VMs defined inline will be  global in scope if allowed.
2016-02-11 20:37:18,174 - Velocimacro : messages on  : VM system will output logging messages
2016-02-11 20:37:18,174 - Velocimacro : autoload off  : VM system will not automatically reload global library macros
2016-02-11 20:37:18,174 - Velocimacro : initialization complete.
2016-02-11 20:37:18,174 - Velocity successfully started.
2016-02-11 22:04:17,568 - SimpleLog4JLogSystem initialized using logfile 'velocity.log'
2016-02-11 22:04:17,569 - ************************************************************** 
2016-02-11 22:04:17,569 - Starting Jakarta Velocity v1.4
2016-02-11 22:04:17,569 - RuntimeInstance initializing.
2016-02-11 22:04:17,569 - Default Properties File: org/apache/velocity/runtime/defaults/velocity.properties
2016-02-11 22:04:17,569 - Trying to use logger class org.apache.velocity.runtime.log.SimpleLog4JLogSystem
2016-02-11 22:04:17,569 - Using logger class org.apache.velocity.runtime.log.SimpleLog4JLogSystem
2016-02-11 22:04:17,576 - Default ResourceManager initializing. (class org.apache.velocity.runtime.resource.ResourceManagerImpl)
2016-02-11 22:04:17,581 - Resource Loader Instantiated: org.apache.velocity.runtime.resource.loader.ClasspathResourceLoader
2016-02-11 22:04:17,581 - ClasspathResourceLoader : initialization starting.
2016-02-11 22:04:17,581 - ClasspathResourceLoader : initialization complete.
2016-02-11 22:04:17,584 - ResourceCache : initialized. (class org.apache.velocity.runtime.resource.ResourceCacheImpl)
2016-02-11 22:04:17,584 - Default ResourceManager initialization complete.
2016-02-11 22:04:17,586 - Loaded System Directive: org.apache.velocity.runtime.directive.Literal
2016-02-11 22:04:17,591 - Loaded System Directive: org.apache.velocity.runtime.directive.Macro
2016-02-11 22:04:17,598 - Loaded System Directive: org.apache.velocity.runtime.directive.Parse
2016-02-11 22:04:17,603 - Loaded System Directive: org.apache.velocity.runtime.directive.Include
2016-02-11 22:04:17,605 - Loaded System Directive: org.apache.velocity.runtime.directive.Foreach
2016-02-11 22:04:17,651 - Created: 20 parsers.
2016-02-11 22:04:17,666 - Velocimacro : initialization starting.
2016-02-11 22:04:17,666 - Velocimacro : adding VMs from VM library template : VM_global_library.vm
2016-02-11 22:04:17,673 - ResourceManager : unable to find resource 'VM_global_library.vm' in any resource loader.
2016-02-11 22:04:17,673 - Velocimacro : error using  VM library template VM_global_library.vm : org.apache.velocity.exception.ResourceNotFoundException: Unable to find resource 'VM_global_library.vm'
2016-02-11 22:04:17,673 - Velocimacro :  VM library template macro registration complete.
2016-02-11 22:04:17,673 - Velocimacro : allowInline = true : VMs can be defined inline in templates
2016-02-11 22:04:17,673 - Velocimacro : allowInlineToOverride = false : VMs defined inline may NOT replace previous VM definitions
2016-02-11 22:04:17,673 - Velocimacro : allowInlineLocal = false : VMs defined inline will be  global in scope if allowed.
2016-02-11 22:04:17,673 - Velocimacro : messages on  : VM system will output logging messages
2016-02-11 22:04:17,673 - Velocimacro : autoload off  : VM system will not automatically reload global library macros
2016-02-11 22:04:17,673 - Velocimacro : initialization complete.
2016-02-11 22:04:17,673 - Velocity successfully started.
2016-02-11 22:09:57,140 - SimpleLog4JLogSystem initialized using logfile 'velocity.log'
2016-02-11 22:09:57,140 - ************************************************************** 
2016-02-11 22:09:57,140 - Starting Jakarta Velocity v1.4
2016-02-11 22:09:57,140 - RuntimeInstance initializing.
2016-02-11 22:09:57,140 - Default Properties File: org/apache/velocity/runtime/defaults/velocity.properties
2016-02-11 22:09:57,140 - Trying to use logger class org.apache.velocity.runtime.log.SimpleLog4JLogSystem
2016-02-11 22:09:57,140 - Using logger class org.apache.velocity.runtime.log.SimpleLog4JLogSystem
2016-02-11 22:09:57,147 - Default ResourceManager initializing. (class org.apache.velocity.runtime.resource.ResourceManagerImpl)
2016-02-11 22:09:57,154 - Resource Loader Instantiated: org.apache.velocity.runtime.resource.loader.ClasspathResourceLoader
2016-02-11 22:09:57,154 - ClasspathResourceLoader : initialization starting.
2016-02-11 22:09:57,154 - ClasspathResourceLoader : initialization complete.
2016-02-11 22:09:57,159 - ResourceCache : initialized. (class org.apache.velocity.runtime.resource.ResourceCacheImpl)
2016-02-11 22:09:57,159 - Default ResourceManager initialization complete.
2016-02-11 22:09:57,163 - Loaded System Directive: org.apache.velocity.runtime.directive.Literal
2016-02-11 22:09:57,168 - Loaded System Directive: org.apache.velocity.runtime.directive.Macro
2016-02-11 22:09:57,175 - Loaded System Directive: org.apache.velocity.runtime.directive.Parse
2016-02-11 22:09:57,178 - Loaded System Directive: org.apache.velocity.runtime.directive.Include
2016-02-11 22:09:57,180 - Loaded System Directive: org.apache.velocity.runtime.directive.Foreach
2016-02-11 22:09:57,226 - Created: 20 parsers.
2016-02-11 22:09:57,246 - Velocimacro : initialization starting.
2016-02-11 22:09:57,246 - Velocimacro : adding VMs from VM library template : VM_global_library.vm
2016-02-11 22:09:57,253 - ResourceManager : unable to find resource 'VM_global_library.vm' in any resource loader.
2016-02-11 22:09:57,253 - Velocimacro : error using  VM library template VM_global_library.vm : org.apache.velocity.exception.ResourceNotFoundException: Unable to find resource 'VM_global_library.vm'
2016-02-11 22:09:57,253 - Velocimacro :  VM library template macro registration complete.
2016-02-11 22:09:57,253 - Velocimacro : allowInline = true : VMs can be defined inline in templates
2016-02-11 22:09:57,253 - Velocimacro : allowInlineToOverride = false : VMs defined inline may NOT replace previous VM definitions
2016-02-11 22:09:57,253 - Velocimacro : allowInlineLocal = false : VMs defined inline will be  global in scope if allowed.
2016-02-11 22:09:57,253 - Velocimacro : messages on  : VM system will output logging messages
2016-02-11 22:09:57,253 - Velocimacro : autoload off  : VM system will not automatically reload global library macros
2016-02-11 22:09:57,253 - Velocimacro : initialization complete.
2016-02-11 22:09:57,253 - Velocity successfully started.
2016-02-11 22:10:35,334 - SimpleLog4JLogSystem initialized using logfile 'velocity.log'
2016-02-11 22:10:35,334 - ************************************************************** 
2016-02-11 22:10:35,334 - Starting Jakarta Velocity v1.4
2016-02-11 22:10:35,334 - RuntimeInstance initializing.
2016-02-11 22:10:35,334 - Default Properties File: org/apache/velocity/runtime/defaults/velocity.properties
2016-02-11 22:10:35,334 - Trying to use logger class org.apache.velocity.runtime.log.SimpleLog4JLogSystem
2016-02-11 22:10:35,334 - Using logger class org.apache.velocity.runtime.log.SimpleLog4JLogSystem
2016-02-11 22:10:35,346 - Default ResourceManager initializing. (class org.apache.velocity.runtime.resource.ResourceManagerImpl)
2016-02-11 22:10:35,351 - Resource Loader Instantiated: org.apache.velocity.runtime.resource.loader.ClasspathResourceLoader
2016-02-11 22:10:35,351 - ClasspathResourceLoader : initialization starting.
2016-02-11 22:10:35,351 - ClasspathResourceLoader : initialization complete.
2016-02-11 22:10:35,355 - ResourceCache : initialized. (class org.apache.velocity.runtime.resource.ResourceCacheImpl)
2016-02-11 22:10:35,355 - Default ResourceManager initialization complete.
2016-02-11 22:10:35,359 - Loaded System Directive: org.apache.velocity.runtime.directive.Literal
2016-02-11 22:10:35,364 - Loaded System Directive: org.apache.velocity.runtime.directive.Macro
2016-02-11 22:10:35,371 - Loaded System Directive: org.apache.velocity.runtime.directive.Parse
2016-02-11 22:10:35,375 - Loaded System Directive: org.apache.velocity.runtime.directive.Include
2016-02-11 22:10:35,376 - Loaded System Directive: org.apache.velocity.runtime.directive.Foreach
2016-02-11 22:10:35,426 - Created: 20 parsers.
2016-02-11 22:10:35,441 - Velocimacro : initialization starting.
2016-02-11 22:10:35,441 - Velocimacro : adding VMs from VM library template : VM_global_library.vm
2016-02-11 22:10:35,449 - ResourceManager : unable to find resource 'VM_global_library.vm' in any resource loader.
2016-02-11 22:10:35,449 - Velocimacro : error using  VM library template VM_global_library.vm : org.apache.velocity.exception.ResourceNotFoundException: Unable to find resource 'VM_global_library.vm'
2016-02-11 22:10:35,449 - Velocimacro :  VM library template macro registration complete.
2016-02-11 22:10:35,449 - Velocimacro : allowInline = true : VMs can be defined inline in templates
2016-02-11 22:10:35,449 - Velocimacro : allowInlineToOverride = false : VMs defined inline may NOT replace previous VM definitions
2016-02-11 22:10:35,449 - Velocimacro : allowInlineLocal = false : VMs defined inline will be  global in scope if allowed.
2016-02-11 22:10:35,449 - Velocimacro : messages on  : VM system will output logging messages
2016-02-11 22:10:35,449 - Velocimacro : autoload off  : VM system will not automatically reload global library macros
2016-02-11 22:10:35,449 - Velocimacro : initialization complete.
2016-02-11 22:10:35,449 - Velocity successfully started.
2016-02-11 22:12:10,700 - SimpleLog4JLogSystem initialized using logfile 'velocity.log'
2016-02-11 22:12:10,700 - ************************************************************** 
2016-02-11 22:12:10,700 - Starting Jakarta Velocity v1.4
2016-02-11 22:12:10,700 - RuntimeInstance initializing.
2016-02-11 22:12:10,700 - Default Properties File: org/apache/velocity/runtime/defaults/velocity.properties
2016-02-11 22:12:10,700 - Trying to use logger class org.apache.velocity.runtime.log.SimpleLog4JLogSystem
2016-02-11 22:12:10,700 - Using logger class org.apache.velocity.runtime.log.SimpleLog4JLogSystem
2016-02-11 22:12:10,725 - Default ResourceManager initializing. (class org.apache.velocity.runtime.resource.ResourceManagerImpl)
2016-02-11 22:12:10,735 - Resource Loader Instantiated: org.apache.velocity.runtime.resource.loader.ClasspathResourceLoader
2016-02-11 22:12:10,735 - ClasspathResourceLoader : initialization starting.
2016-02-11 22:12:10,735 - ClasspathResourceLoader : initialization complete.
2016-02-11 22:12:10,739 - ResourceCache : initialized. (class org.apache.velocity.runtime.resource.ResourceCacheImpl)
2016-02-11 22:12:10,740 - Default ResourceManager initialization complete.
2016-02-11 22:12:10,746 - Loaded System Directive: org.apache.velocity.runtime.directive.Literal
2016-02-11 22:12:10,798 - Loaded System Directive: org.apache.velocity.runtime.directive.Macro
2016-02-11 22:12:10,806 - Loaded System Directive: org.apache.velocity.runtime.directive.Parse
2016-02-11 22:12:10,809 - SimpleLog4JLogSystem initialized using logfile 'velocity.log'
2016-02-11 22:12:10,810 - ************************************************************** 
2016-02-11 22:12:10,810 - Starting Jakarta Velocity v1.4
2016-02-11 22:12:10,810 - RuntimeInstance initializing.
2016-02-11 22:12:10,810 - Default Properties File: org/apache/velocity/runtime/defaults/velocity.properties
2016-02-11 22:12:10,810 - Trying to use logger class org.apache.velocity.runtime.log.SimpleLog4JLogSystem
2016-02-11 22:12:10,810 - Using logger class org.apache.velocity.runtime.log.SimpleLog4JLogSystem
2016-02-11 22:12:10,818 - Default ResourceManager initializing. (class org.apache.velocity.runtime.resource.ResourceManagerImpl)
2016-02-11 22:12:10,826 - Resource Loader Instantiated: org.apache.velocity.runtime.resource.loader.ClasspathResourceLoader
2016-02-11 22:12:10,826 - ClasspathResourceLoader : initialization starting.
2016-02-11 22:12:10,826 - ClasspathResourceLoader : initialization complete.
2016-02-11 22:12:10,827 - Loaded System Directive: org.apache.velocity.runtime.directive.Include
2016-02-11 22:12:10,831 - Loaded System Directive: org.apache.velocity.runtime.directive.Foreach
2016-02-11 22:12:10,842 - ResourceCache : initialized. (class org.apache.velocity.runtime.resource.ResourceCacheImpl)
2016-02-11 22:12:10,842 - Default ResourceManager initialization complete.
2016-02-11 22:12:10,848 - Loaded System Directive: org.apache.velocity.runtime.directive.Literal
2016-02-11 22:12:10,853 - Loaded System Directive: org.apache.velocity.runtime.directive.Macro
2016-02-11 22:12:10,862 - Loaded System Directive: org.apache.velocity.runtime.directive.Parse
2016-02-11 22:12:10,868 - Loaded System Directive: org.apache.velocity.runtime.directive.Include
2016-02-11 22:12:10,870 - Loaded System Directive: org.apache.velocity.runtime.directive.Foreach
2016-02-11 22:12:10,919 - Created: 20 parsers.
2016-02-11 22:12:10,954 - Created: 20 parsers.
2016-02-11 22:12:10,959 - Velocimacro : initialization starting.
2016-02-11 22:12:10,959 - Velocimacro : adding VMs from VM library template : VM_global_library.vm
2016-02-11 22:12:10,977 - ResourceManager : unable to find resource 'VM_global_library.vm' in any resource loader.
2016-02-11 22:12:10,977 - Velocimacro : error using  VM library template VM_global_library.vm : org.apache.velocity.exception.ResourceNotFoundException: Unable to find resource 'VM_global_library.vm'
2016-02-11 22:12:10,977 - Velocimacro :  VM library template macro registration complete.
2016-02-11 22:12:10,977 - Velocimacro : allowInline = true : VMs can be defined inline in templates
2016-02-11 22:12:10,977 - Velocimacro : allowInlineToOverride = false : VMs defined inline may NOT replace previous VM definitions
2016-02-11 22:12:10,977 - Velocimacro : allowInlineLocal = false : VMs defined inline will be  global in scope if allowed.
2016-02-11 22:12:10,977 - Velocimacro : messages on  : VM system will output logging messages
2016-02-11 22:12:10,977 - Velocimacro : autoload off  : VM system will not automatically reload global library macros
2016-02-11 22:12:10,977 - Velocimacro : initialization complete.
2016-02-11 22:12:10,977 - Velocity successfully started.
2016-02-11 22:12:10,996 - Velocimacro : initialization starting.
2016-02-11 22:12:10,996 - Velocimacro : adding VMs from VM library template : VM_global_library.vm
2016-02-11 22:12:11,016 - ResourceManager : unable to find resource 'VM_global_library.vm' in any resource loader.
2016-02-11 22:12:11,017 - Velocimacro : error using  VM library template VM_global_library.vm : org.apache.velocity.exception.ResourceNotFoundException: Unable to find resource 'VM_global_library.vm'
2016-02-11 22:12:11,017 - Velocimacro :  VM library template macro registration complete.
2016-02-11 22:12:11,017 - Velocimacro : allowInline = true : VMs can be defined inline in templates
2016-02-11 22:12:11,017 - Velocimacro : allowInlineToOverride = false : VMs defined inline may NOT replace previous VM definitions
2016-02-11 22:12:11,017 - Velocimacro : allowInlineLocal = false : VMs defined inline will be  global in scope if allowed.
2016-02-11 22:12:11,017 - Velocimacro : messages on  : VM system will output logging messages
2016-02-11 22:12:11,017 - Velocimacro : autoload off  : VM system will not automatically reload global library macros
2016-02-11 22:12:11,017 - Velocimacro : initialization complete.
2016-02-11 22:12:11,017 - Velocity successfully started.
2016-02-11 22:13:51,453 - SimpleLog4JLogSystem initialized using logfile 'velocity.log'
2016-02-11 22:13:51,454 - ************************************************************** 
2016-02-11 22:13:51,454 - Starting Jakarta Velocity v1.4
2016-02-11 22:13:51,454 - RuntimeInstance initializing.
2016-02-11 22:13:51,454 - Default Properties File: org/apache/velocity/runtime/defaults/velocity.properties
2016-02-11 22:13:51,454 - Trying to use logger class org.apache.velocity.runtime.log.SimpleLog4JLogSystem
2016-02-11 22:13:51,454 - Using logger class org.apache.velocity.runtime.log.SimpleLog4JLogSystem
2016-02-11 22:13:51,461 - Default ResourceManager initializing. (class org.apache.velocity.runtime.resource.ResourceManagerImpl)
2016-02-11 22:13:51,465 - Resource Loader Instantiated: org.apache.velocity.runtime.resource.loader.ClasspathResourceLoader
2016-02-11 22:13:51,465 - ClasspathResourceLoader : initialization starting.
2016-02-11 22:13:51,465 - ClasspathResourceLoader : initialization complete.
2016-02-11 22:13:51,469 - ResourceCache : initialized. (class org.apache.velocity.runtime.resource.ResourceCacheImpl)
2016-02-11 22:13:51,469 - Default ResourceManager initialization complete.
2016-02-11 22:13:51,474 - Loaded System Directive: org.apache.velocity.runtime.directive.Literal
2016-02-11 22:13:51,478 - Loaded System Directive: org.apache.velocity.runtime.directive.Macro
2016-02-11 22:13:51,485 - Loaded System Directive: org.apache.velocity.runtime.directive.Parse
2016-02-11 22:13:51,489 - Loaded System Directive: org.apache.velocity.runtime.directive.Include
2016-02-11 22:13:51,492 - Loaded System Directive: org.apache.velocity.runtime.directive.Foreach
2016-02-11 22:13:51,545 - Created: 20 parsers.
2016-02-11 22:13:51,566 - Velocimacro : initialization starting.
2016-02-11 22:13:51,566 - Velocimacro : adding VMs from VM library template : VM_global_library.vm
2016-02-11 22:13:51,576 - ResourceManager : unable to find resource 'VM_global_library.vm' in any resource loader.
2016-02-11 22:13:51,576 - Velocimacro : error using  VM library template VM_global_library.vm : org.apache.velocity.exception.ResourceNotFoundException: Unable to find resource 'VM_global_library.vm'
2016-02-11 22:13:51,576 - Velocimacro :  VM library template macro registration complete.
2016-02-11 22:13:51,576 - Velocimacro : allowInline = true : VMs can be defined inline in templates
2016-02-11 22:13:51,576 - Velocimacro : allowInlineToOverride = false : VMs defined inline may NOT replace previous VM definitions
2016-02-11 22:13:51,576 - Velocimacro : allowInlineLocal = false : VMs defined inline will be  global in scope if allowed.
2016-02-11 22:13:51,576 - Velocimacro : messages on  : VM system will output logging messages
2016-02-11 22:13:51,576 - Velocimacro : autoload off  : VM system will not automatically reload global library macros
2016-02-11 22:13:51,576 - Velocimacro : initialization complete.
2016-02-11 22:13:51,576 - Velocity successfully started.
2016-02-11 22:35:25,031 - SimpleLog4JLogSystem initialized using logfile 'velocity.log'
2016-02-11 22:35:25,032 - ************************************************************** 
2016-02-11 22:35:25,032 - Starting Jakarta Velocity v1.4
2016-02-11 22:35:25,032 - RuntimeInstance initializing.
2016-02-11 22:35:25,032 - Default Properties File: org/apache/velocity/runtime/defaults/velocity.properties
2016-02-11 22:35:25,032 - Trying to use logger class org.apache.velocity.runtime.log.SimpleLog4JLogSystem
2016-02-11 22:35:25,032 - Using logger class org.apache.velocity.runtime.log.SimpleLog4JLogSystem
2016-02-11 22:35:25,038 - Default ResourceManager initializing. (class org.apache.velocity.runtime.resource.ResourceManagerImpl)
2016-02-11 22:35:25,043 - Resource Loader Instantiated: org.apache.velocity.runtime.resource.loader.ClasspathResourceLoader
2016-02-11 22:35:25,043 - ClasspathResourceLoader : initialization starting.
2016-02-11 22:35:25,043 - ClasspathResourceLoader : initialization complete.
2016-02-11 22:35:25,048 - ResourceCache : initialized. (class org.apache.velocity.runtime.resource.ResourceCacheImpl)
2016-02-11 22:35:25,048 - Default ResourceManager initialization complete.
2016-02-11 22:35:25,052 - Loaded System Directive: org.apache.velocity.runtime.directive.Literal
2016-02-11 22:35:25,059 - Loaded System Directive: org.apache.velocity.runtime.directive.Macro
2016-02-11 22:35:25,066 - Loaded System Directive: org.apache.velocity.runtime.directive.Parse
2016-02-11 22:35:25,071 - Loaded System Directive: org.apache.velocity.runtime.directive.Include
2016-02-11 22:35:25,073 - Loaded System Directive: org.apache.velocity.runtime.directive.Foreach
2016-02-11 22:35:25,126 - Created: 20 parsers.
2016-02-11 22:35:25,149 - Velocimacro : initialization starting.
2016-02-11 22:35:25,149 - Velocimacro : adding VMs from VM library template : VM_global_library.vm
2016-02-11 22:35:25,161 - ResourceManager : unable to find resource 'VM_global_library.vm' in any resource loader.
2016-02-11 22:35:25,161 - Velocimacro : error using  VM library template VM_global_library.vm : org.apache.velocity.exception.ResourceNotFoundException: Unable to find resource 'VM_global_library.vm'
2016-02-11 22:35:25,161 - Velocimacro :  VM library template macro registration complete.
2016-02-11 22:35:25,161 - Velocimacro : allowInline = true : VMs can be defined inline in templates
2016-02-11 22:35:25,161 - Velocimacro : allowInlineToOverride = false : VMs defined inline may NOT replace previous VM definitions
2016-02-11 22:35:25,161 - Velocimacro : allowInlineLocal = false : VMs defined inline will be  global in scope if allowed.
2016-02-11 22:35:25,161 - Velocimacro : messages on  : VM system will output logging messages
2016-02-11 22:35:25,161 - Velocimacro : autoload off  : VM system will not automatically reload global library macros
2016-02-11 22:35:25,161 - Velocimacro : initialization complete.
2016-02-11 22:35:25,161 - Velocity successfully started.
2016-02-11 22:52:30,572 - SimpleLog4JLogSystem initialized using logfile 'velocity.log'
2016-02-11 22:52:30,572 - ************************************************************** 
2016-02-11 22:52:30,572 - Starting Jakarta Velocity v1.4
2016-02-11 22:52:30,572 - RuntimeInstance initializing.
2016-02-11 22:52:30,572 - Default Properties File: org/apache/velocity/runtime/defaults/velocity.properties
2016-02-11 22:52:30,572 - Trying to use logger class org.apache.velocity.runtime.log.SimpleLog4JLogSystem
2016-02-11 22:52:30,573 - Using logger class org.apache.velocity.runtime.log.SimpleLog4JLogSystem
2016-02-11 22:52:30,579 - Default ResourceManager initializing. (class org.apache.velocity.runtime.resource.ResourceManagerImpl)
2016-02-11 22:52:30,590 - Resource Loader Instantiated: org.apache.velocity.runtime.resource.loader.ClasspathResourceLoader
2016-02-11 22:52:30,590 - ClasspathResourceLoader : initialization starting.
2016-02-11 22:52:30,590 - ClasspathResourceLoader : initialization complete.
2016-02-11 22:52:30,593 - ResourceCache : initialized. (class org.apache.velocity.runtime.resource.ResourceCacheImpl)
2016-02-11 22:52:30,593 - Default ResourceManager initialization complete.
2016-02-11 22:52:30,596 - Loaded System Directive: org.apache.velocity.runtime.directive.Literal
2016-02-11 22:52:30,599 - Loaded System Directive: org.apache.velocity.runtime.directive.Macro
2016-02-11 22:52:30,605 - Loaded System Directive: org.apache.velocity.runtime.directive.Parse
2016-02-11 22:52:30,610 - Loaded System Directive: org.apache.velocity.runtime.directive.Include
2016-02-11 22:52:30,612 - Loaded System Directive: org.apache.velocity.runtime.directive.Foreach
2016-02-11 22:52:30,655 - Created: 20 parsers.
2016-02-11 22:52:30,674 - Velocimacro : initialization starting.
2016-02-11 22:52:30,674 - Velocimacro : adding VMs from VM library template : VM_global_library.vm
2016-02-11 22:52:30,682 - ResourceManager : unable to find resource 'VM_global_library.vm' in any resource loader.
2016-02-11 22:52:30,682 - Velocimacro : error using  VM library template VM_global_library.vm : org.apache.velocity.exception.ResourceNotFoundException: Unable to find resource 'VM_global_library.vm'
2016-02-11 22:52:30,682 - Velocimacro :  VM library template macro registration complete.
2016-02-11 22:52:30,682 - Velocimacro : allowInline = true : VMs can be defined inline in templates
2016-02-11 22:52:30,682 - Velocimacro : allowInlineToOverride = false : VMs defined inline may NOT replace previous VM definitions
2016-02-11 22:52:30,682 - Velocimacro : allowInlineLocal = false : VMs defined inline will be  global in scope if allowed.
2016-02-11 22:52:30,682 - Velocimacro : messages on  : VM system will output logging messages
2016-02-11 22:52:30,682 - Velocimacro : autoload off  : VM system will not automatically reload global library macros
2016-02-11 22:52:30,682 - Velocimacro : initialization complete.
2016-02-11 22:52:30,682 - Velocity successfully started.
2016-02-11 23:23:36,311 - SimpleLog4JLogSystem initialized using logfile 'velocity.log'
2016-02-11 23:23:36,313 - ************************************************************** 
2016-02-11 23:23:36,313 - Starting Jakarta Velocity v1.4
2016-02-11 23:23:36,313 - RuntimeInstance initializing.
2016-02-11 23:23:36,313 - Default Properties File: org/apache/velocity/runtime/defaults/velocity.properties
2016-02-11 23:23:36,313 - Trying to use logger class org.apache.velocity.runtime.log.SimpleLog4JLogSystem
2016-02-11 23:23:36,313 - Using logger class org.apache.velocity.runtime.log.SimpleLog4JLogSystem
2016-02-11 23:23:36,322 - Default ResourceManager initializing. (class org.apache.velocity.runtime.resource.ResourceManagerImpl)
2016-02-11 23:23:36,329 - Resource Loader Instantiated: org.apache.velocity.runtime.resource.loader.ClasspathResourceLoader
2016-02-11 23:23:36,329 - ClasspathResourceLoader : initialization starting.
2016-02-11 23:23:36,329 - ClasspathResourceLoader : initialization complete.
2016-02-11 23:23:36,333 - ResourceCache : initialized. (class org.apache.velocity.runtime.resource.ResourceCacheImpl)
2016-02-11 23:23:36,333 - Default ResourceManager initialization complete.
2016-02-11 23:23:36,336 - Loaded System Directive: org.apache.velocity.runtime.directive.Literal
2016-02-11 23:23:36,339 - Loaded System Directive: org.apache.velocity.runtime.directive.Macro
2016-02-11 23:23:36,346 - Loaded System Directive: org.apache.velocity.runtime.directive.Parse
2016-02-11 23:23:36,350 - Loaded System Directive: org.apache.velocity.runtime.directive.Include
2016-02-11 23:23:36,353 - Loaded System Directive: org.apache.velocity.runtime.directive.Foreach
2016-02-11 23:23:36,394 - Created: 20 parsers.
2016-02-11 23:23:36,411 - Velocimacro : initialization starting.
2016-02-11 23:23:36,411 - Velocimacro : adding VMs from VM library template : VM_global_library.vm
2016-02-11 23:23:36,419 - ResourceManager : unable to find resource 'VM_global_library.vm' in any resource loader.
2016-02-11 23:23:36,419 - Velocimacro : error using  VM library template VM_global_library.vm : org.apache.velocity.exception.ResourceNotFoundException: Unable to find resource 'VM_global_library.vm'
2016-02-11 23:23:36,419 - Velocimacro :  VM library template macro registration complete.
2016-02-11 23:23:36,419 - Velocimacro : allowInline = true : VMs can be defined inline in templates
2016-02-11 23:23:36,419 - Velocimacro : allowInlineToOverride = false : VMs defined inline may NOT replace previous VM definitions
2016-02-11 23:23:36,419 - Velocimacro : allowInlineLocal = false : VMs defined inline will be  global in scope if allowed.
2016-02-11 23:23:36,419 - Velocimacro : messages on  : VM system will output logging messages
2016-02-11 23:23:36,419 - Velocimacro : autoload off  : VM system will not automatically reload global library macros
2016-02-11 23:23:36,419 - Velocimacro : initialization complete.
2016-02-11 23:23:36,419 - Velocity successfully started.
2016-02-11 23:45:45,315 - SimpleLog4JLogSystem initialized using logfile 'velocity.log'
2016-02-11 23:45:45,316 - ************************************************************** 
2016-02-11 23:45:45,316 - Starting Jakarta Velocity v1.4
2016-02-11 23:45:45,316 - RuntimeInstance initializing.
2016-02-11 23:45:45,316 - Default Properties File: org/apache/velocity/runtime/defaults/velocity.properties
2016-02-11 23:45:45,316 - Trying to use logger class org.apache.velocity.runtime.log.SimpleLog4JLogSystem
2016-02-11 23:45:45,316 - Using logger class org.apache.velocity.runtime.log.SimpleLog4JLogSystem
2016-02-11 23:45:45,322 - Default ResourceManager initializing. (class org.apache.velocity.runtime.resource.ResourceManagerImpl)
2016-02-11 23:45:45,327 - Resource Loader Instantiated: org.apache.velocity.runtime.resource.loader.ClasspathResourceLoader
2016-02-11 23:45:45,328 - ClasspathResourceLoader : initialization starting.
2016-02-11 23:45:45,328 - ClasspathResourceLoader : initialization complete.
2016-02-11 23:45:45,331 - ResourceCache : initialized. (class org.apache.velocity.runtime.resource.ResourceCacheImpl)
2016-02-11 23:45:45,331 - Default ResourceManager initialization complete.
2016-02-11 23:45:45,334 - Loaded System Directive: org.apache.velocity.runtime.directive.Literal
2016-02-11 23:45:45,340 - Loaded System Directive: org.apache.velocity.runtime.directive.Macro
2016-02-11 23:45:45,346 - Loaded System Directive: org.apache.velocity.runtime.directive.Parse
2016-02-11 23:45:45,351 - Loaded System Directive: org.apache.velocity.runtime.directive.Include
2016-02-11 23:45:45,354 - Loaded System Directive: org.apache.velocity.runtime.directive.Foreach
2016-02-11 23:45:45,392 - Created: 20 parsers.
2016-02-11 23:45:45,406 - Velocimacro : initialization starting.
2016-02-11 23:45:45,406 - Velocimacro : adding VMs from VM library template : VM_global_library.vm
2016-02-11 23:45:45,413 - ResourceManager : unable to find resource 'VM_global_library.vm' in any resource loader.
2016-02-11 23:45:45,413 - Velocimacro : error using  VM library template VM_global_library.vm : org.apache.velocity.exception.ResourceNotFoundException: Unable to find resource 'VM_global_library.vm'
2016-02-11 23:45:45,413 - Velocimacro :  VM library template macro registration complete.
2016-02-11 23:45:45,413 - Velocimacro : allowInline = true : VMs can be defined inline in templates
2016-02-11 23:45:45,413 - Velocimacro : allowInlineToOverride = false : VMs defined inline may NOT replace previous VM definitions
2016-02-11 23:45:45,413 - Velocimacro : allowInlineLocal = false : VMs defined inline will be  global in scope if allowed.
2016-02-11 23:45:45,413 - Velocimacro : messages on  : VM system will output logging messages
2016-02-11 23:45:45,414 - Velocimacro : autoload off  : VM system will not automatically reload global library macros
2016-02-11 23:45:45,414 - Velocimacro : initialization complete.
2016-02-11 23:45:45,414 - Velocity successfully started.
2016-02-11 23:46:19,052 - SimpleLog4JLogSystem initialized using logfile 'velocity.log'
2016-02-11 23:46:19,053 - ************************************************************** 
2016-02-11 23:46:19,053 - Starting Jakarta Velocity v1.4
2016-02-11 23:46:19,053 - RuntimeInstance initializing.
2016-02-11 23:46:19,053 - Default Properties File: org/apache/velocity/runtime/defaults/velocity.properties
2016-02-11 23:46:19,053 - Trying to use logger class org.apache.velocity.runtime.log.SimpleLog4JLogSystem
2016-02-11 23:46:19,053 - Using logger class org.apache.velocity.runtime.log.SimpleLog4JLogSystem
2016-02-11 23:46:19,061 - Default ResourceManager initializing. (class org.apache.velocity.runtime.resource.ResourceManagerImpl)
2016-02-11 23:46:19,066 - Resource Loader Instantiated: org.apache.velocity.runtime.resource.loader.ClasspathResourceLoader
2016-02-11 23:46:19,066 - ClasspathResourceLoader : initialization starting.
2016-02-11 23:46:19,066 - ClasspathResourceLoader : initialization complete.
2016-02-11 23:46:19,069 - ResourceCache : initialized. (class org.apache.velocity.runtime.resource.ResourceCacheImpl)
2016-02-11 23:46:19,069 - Default ResourceManager initialization complete.
2016-02-11 23:46:19,073 - Loaded System Directive: org.apache.velocity.runtime.directive.Literal
2016-02-11 23:46:19,077 - Loaded System Directive: org.apache.velocity.runtime.directive.Macro
2016-02-11 23:46:19,083 - Loaded System Directive: org.apache.velocity.runtime.directive.Parse
2016-02-11 23:46:19,089 - Loaded System Directive: org.apache.velocity.runtime.directive.Include
2016-02-11 23:46:19,091 - Loaded System Directive: org.apache.velocity.runtime.directive.Foreach
2016-02-11 23:46:19,134 - Created: 20 parsers.
2016-02-11 23:46:19,150 - Velocimacro : initialization starting.
2016-02-11 23:46:19,151 - Velocimacro : adding VMs from VM library template : VM_global_library.vm
2016-02-11 23:46:19,160 - ResourceManager : unable to find resource 'VM_global_library.vm' in any resource loader.
2016-02-11 23:46:19,160 - Velocimacro : error using  VM library template VM_global_library.vm : org.apache.velocity.exception.ResourceNotFoundException: Unable to find resource 'VM_global_library.vm'
2016-02-11 23:46:19,160 - Velocimacro :  VM library template macro registration complete.
2016-02-11 23:46:19,160 - Velocimacro : allowInline = true : VMs can be defined inline in templates
2016-02-11 23:46:19,160 - Velocimacro : allowInlineToOverride = false : VMs defined inline may NOT replace previous VM definitions
2016-02-11 23:46:19,160 - Velocimacro : allowInlineLocal = false : VMs defined inline will be  global in scope if allowed.
2016-02-11 23:46:19,160 - Velocimacro : messages on  : VM system will output logging messages
2016-02-11 23:46:19,160 - Velocimacro : autoload off  : VM system will not automatically reload global library macros
2016-02-11 23:46:19,160 - Velocimacro : initialization complete.
2016-02-11 23:46:19,160 - Velocity successfully started.
2016-02-11 23:47:38,711 - SimpleLog4JLogSystem initialized using logfile 'velocity.log'
2016-02-11 23:47:38,712 - ************************************************************** 
2016-02-11 23:47:38,712 - Starting Jakarta Velocity v1.4
2016-02-11 23:47:38,712 - RuntimeInstance initializing.
2016-02-11 23:47:38,712 - Default Properties File: org/apache/velocity/runtime/defaults/velocity.properties
2016-02-11 23:47:38,712 - Trying to use logger class org.apache.velocity.runtime.log.SimpleLog4JLogSystem
2016-02-11 23:47:38,712 - Using logger class org.apache.velocity.runtime.log.SimpleLog4JLogSystem
2016-02-11 23:47:38,719 - Default ResourceManager initializing. (class org.apache.velocity.runtime.resource.ResourceManagerImpl)
2016-02-11 23:47:38,724 - Resource Loader Instantiated: org.apache.velocity.runtime.resource.loader.ClasspathResourceLoader
2016-02-11 23:47:38,724 - ClasspathResourceLoader : initialization starting.
2016-02-11 23:47:38,724 - ClasspathResourceLoader : initialization complete.
2016-02-11 23:47:38,729 - ResourceCache : initialized. (class org.apache.velocity.runtime.resource.ResourceCacheImpl)
2016-02-11 23:47:38,729 - Default ResourceManager initialization complete.
2016-02-11 23:47:38,732 - Loaded System Directive: org.apache.velocity.runtime.directive.Literal
2016-02-11 23:47:38,735 - Loaded System Directive: org.apache.velocity.runtime.directive.Macro
2016-02-11 23:47:38,741 - Loaded System Directive: org.apache.velocity.runtime.directive.Parse
2016-02-11 23:47:38,745 - Loaded System Directive: org.apache.velocity.runtime.directive.Include
2016-02-11 23:47:38,748 - Loaded System Directive: org.apache.velocity.runtime.directive.Foreach
2016-02-11 23:47:38,795 - Created: 20 parsers.
2016-02-11 23:47:38,820 - Velocimacro : initialization starting.
2016-02-11 23:47:38,820 - Velocimacro : adding VMs from VM library template : VM_global_library.vm
2016-02-11 23:47:38,831 - ResourceManager : unable to find resource 'VM_global_library.vm' in any resource loader.
2016-02-11 23:47:38,832 - Velocimacro : error using  VM library template VM_global_library.vm : org.apache.velocity.exception.ResourceNotFoundException: Unable to find resource 'VM_global_library.vm'
2016-02-11 23:47:38,832 - Velocimacro :  VM library template macro registration complete.
2016-02-11 23:47:38,832 - Velocimacro : allowInline = true : VMs can be defined inline in templates
2016-02-11 23:47:38,832 - Velocimacro : allowInlineToOverride = false : VMs defined inline may NOT replace previous VM definitions
2016-02-11 23:47:38,832 - Velocimacro : allowInlineLocal = false : VMs defined inline will be  global in scope if allowed.
2016-02-11 23:47:38,832 - Velocimacro : messages on  : VM system will output logging messages
2016-02-11 23:47:38,832 - Velocimacro : autoload off  : VM system will not automatically reload global library macros
2016-02-11 23:47:38,832 - Velocimacro : initialization complete.
2016-02-11 23:47:38,832 - Velocity successfully started.
